<?xml version="1.0" encoding="UTF-8"?>
<testsuite xmlns:xsi="http://www.w3.org/2001/XMLSchema-instance" xsi:noNamespaceSchemaLocation="https://maven.apache.org/surefire/maven-surefire-plugin/xsd/surefire-test-report.xsd" name="conduitApp.ConduitTest" time="8.383" tests="1" errors="0" skipped="0" failures="0">
  <properties>
    <property name="gopherProxySet" value="false"/>
    <property name="awt.toolkit" value="sun.lwawt.macosx.LWCToolkit"/>
    <property name="file.encoding.pkg" value="sun.io"/>
    <property name="java.specification.version" value="1.8"/>
    <property name="sun.cpu.isalist" value=""/>
    <property name="sun.jnu.encoding" value="UTF-8"/>
    <property name="java.class.path" value="/Users/agarwals/myproject/target/test-classes:/Users/agarwals/myproject/target/classes:/Users/agarwals/.m2/repository/com/intuit/karate/karate-junit5/1.1.0/karate-junit5-1.1.0.jar:/Users/agarwals/.m2/repository/com/intuit/karate/karate-core/1.1.0/karate-core-1.1.0.jar:/Users/agarwals/.m2/repository/org/graalvm/js/js-scriptengine/21.2.0/js-scriptengine-21.2.0.jar:/Users/agarwals/.m2/repository/org/graalvm/sdk/graal-sdk/21.2.0/graal-sdk-21.2.0.jar:/Users/agarwals/.m2/repository/org/graalvm/js/js/21.2.0/js-21.2.0.jar:/Users/agarwals/.m2/repository/org/graalvm/regex/regex/21.2.0/regex-21.2.0.jar:/Users/agarwals/.m2/repository/org/graalvm/truffle/truffle-api/21.2.0/truffle-api-21.2.0.jar:/Users/agarwals/.m2/repository/com/ibm/icu/icu4j/69.1/icu4j-69.1.jar:/Users/agarwals/.m2/repository/ch/qos/logback/logback-classic/1.2.3/logback-classic-1.2.3.jar:/Users/agarwals/.m2/repository/ch/qos/logback/logback-core/1.2.3/logback-core-1.2.3.jar:/Users/agarwals/.m2/repository/org/slf4j/jcl-over-slf4j/1.7.25/jcl-over-slf4j-1.7.25.jar:/Users/agarwals/.m2/repository/com/jayway/jsonpath/json-path/2.6.0/json-path-2.6.0.jar:/Users/agarwals/.m2/repository/net/minidev/json-smart/2.4.7/json-smart-2.4.7.jar:/Users/agarwals/.m2/repository/net/minidev/accessors-smart/2.4.7/accessors-smart-2.4.7.jar:/Users/agarwals/.m2/repository/org/ow2/asm/asm/9.1/asm-9.1.jar:/Users/agarwals/.m2/repository/info/cukes/cucumber-java/1.2.5/cucumber-java-1.2.5.jar:/Users/agarwals/.m2/repository/info/cukes/cucumber-core/1.2.5/cucumber-core-1.2.5.jar:/Users/agarwals/.m2/repository/org/yaml/snakeyaml/1.29/snakeyaml-1.29.jar:/Users/agarwals/.m2/repository/de/siegmar/fastcsv/2.0.0/fastcsv-2.0.0.jar:/Users/agarwals/.m2/repository/info/picocli/picocli/4.6.1/picocli-4.6.1.jar:/Users/agarwals/.m2/repository/org/junit/jupiter/junit-jupiter-api/5.7.2/junit-jupiter-api-5.7.2.jar:/Users/agarwals/.m2/repository/org/apiguardian/apiguardian-api/1.1.0/apiguardian-api-1.1.0.jar:/Users/agarwals/.m2/repository/org/opentest4j/opentest4j/1.2.0/opentest4j-1.2.0.jar:/Users/agarwals/.m2/repository/org/junit/platform/junit-platform-commons/1.7.2/junit-platform-commons-1.7.2.jar:/Users/agarwals/.m2/repository/org/junit/jupiter/junit-jupiter-engine/5.7.2/junit-jupiter-engine-5.7.2.jar:/Users/agarwals/.m2/repository/org/junit/platform/junit-platform-engine/1.7.2/junit-platform-engine-1.7.2.jar:/Users/agarwals/.m2/repository/org/springframework/spring-jdbc/5.3.19/spring-jdbc-5.3.19.jar:/Users/agarwals/.m2/repository/org/springframework/spring-beans/5.3.19/spring-beans-5.3.19.jar:/Users/agarwals/.m2/repository/org/springframework/spring-core/5.3.19/spring-core-5.3.19.jar:/Users/agarwals/.m2/repository/org/springframework/spring-jcl/5.3.19/spring-jcl-5.3.19.jar:/Users/agarwals/.m2/repository/org/springframework/spring-tx/5.3.19/spring-tx-5.3.19.jar:/Users/agarwals/.m2/repository/org/postgresql/postgresql/42.3.4/postgresql-42.3.4.jar:/Users/agarwals/.m2/repository/org/checkerframework/checker-qual/3.5.0/checker-qual-3.5.0.jar:/Users/agarwals/.m2/repository/software/amazon/awssdk/s3/2.16.60/s3-2.16.60.jar:/Users/agarwals/.m2/repository/software/amazon/awssdk/aws-xml-protocol/2.16.60/aws-xml-protocol-2.16.60.jar:/Users/agarwals/.m2/repository/software/amazon/awssdk/aws-query-protocol/2.16.60/aws-query-protocol-2.16.60.jar:/Users/agarwals/.m2/repository/software/amazon/awssdk/protocol-core/2.16.60/protocol-core-2.16.60.jar:/Users/agarwals/.m2/repository/software/amazon/awssdk/arns/2.16.60/arns-2.16.60.jar:/Users/agarwals/.m2/repository/software/amazon/awssdk/profiles/2.16.60/profiles-2.16.60.jar:/Users/agarwals/.m2/repository/software/amazon/awssdk/sdk-core/2.16.60/sdk-core-2.16.60.jar:/Users/agarwals/.m2/repository/org/slf4j/slf4j-api/1.7.30/slf4j-api-1.7.30.jar:/Users/agarwals/.m2/repository/com/fasterxml/jackson/core/jackson-core/2.12.3/jackson-core-2.12.3.jar:/Users/agarwals/.m2/repository/com/fasterxml/jackson/core/jackson-databind/2.12.1/jackson-databind-2.12.1.jar:/Users/agarwals/.m2/repository/org/reactivestreams/reactive-streams/1.0.3/reactive-streams-1.0.3.jar:/Users/agarwals/.m2/repository/software/amazon/awssdk/auth/2.16.60/auth-2.16.60.jar:/Users/agarwals/.m2/repository/software/amazon/eventstream/eventstream/1.0.1/eventstream-1.0.1.jar:/Users/agarwals/.m2/repository/software/amazon/awssdk/http-client-spi/2.16.60/http-client-spi-2.16.60.jar:/Users/agarwals/.m2/repository/software/amazon/awssdk/regions/2.16.60/regions-2.16.60.jar:/Users/agarwals/.m2/repository/com/fasterxml/jackson/core/jackson-annotations/2.12.3/jackson-annotations-2.12.3.jar:/Users/agarwals/.m2/repository/software/amazon/awssdk/annotations/2.16.60/annotations-2.16.60.jar:/Users/agarwals/.m2/repository/software/amazon/awssdk/utils/2.16.60/utils-2.16.60.jar:/Users/agarwals/.m2/repository/software/amazon/awssdk/aws-core/2.16.60/aws-core-2.16.60.jar:/Users/agarwals/.m2/repository/software/amazon/awssdk/metrics-spi/2.16.60/metrics-spi-2.16.60.jar:/Users/agarwals/.m2/repository/software/amazon/awssdk/apache-client/2.16.60/apache-client-2.16.60.jar:/Users/agarwals/.m2/repository/org/apache/httpcomponents/httpclient/4.5.13/httpclient-4.5.13.jar:/Users/agarwals/.m2/repository/commons-logging/commons-logging/1.2/commons-logging-1.2.jar:/Users/agarwals/.m2/repository/commons-codec/commons-codec/1.11/commons-codec-1.11.jar:/Users/agarwals/.m2/repository/org/apache/httpcomponents/httpcore/4.4.11/httpcore-4.4.11.jar:/Users/agarwals/.m2/repository/software/amazon/awssdk/netty-nio-client/2.16.60/netty-nio-client-2.16.60.jar:/Users/agarwals/.m2/repository/io/netty/netty-codec-http/4.1.63.Final/netty-codec-http-4.1.63.Final.jar:/Users/agarwals/.m2/repository/io/netty/netty-codec-http2/4.1.63.Final/netty-codec-http2-4.1.63.Final.jar:/Users/agarwals/.m2/repository/io/netty/netty-codec/4.1.63.Final/netty-codec-4.1.63.Final.jar:/Users/agarwals/.m2/repository/io/netty/netty-transport/4.1.63.Final/netty-transport-4.1.63.Final.jar:/Users/agarwals/.m2/repository/io/netty/netty-resolver/4.1.63.Final/netty-resolver-4.1.63.Final.jar:/Users/agarwals/.m2/repository/io/netty/netty-common/4.1.63.Final/netty-common-4.1.63.Final.jar:/Users/agarwals/.m2/repository/io/netty/netty-buffer/4.1.63.Final/netty-buffer-4.1.63.Final.jar:/Users/agarwals/.m2/repository/io/netty/netty-handler/4.1.63.Final/netty-handler-4.1.63.Final.jar:/Users/agarwals/.m2/repository/io/netty/netty-transport-native-epoll/4.1.63.Final/netty-transport-native-epoll-4.1.63.Final-linux-x86_64.jar:/Users/agarwals/.m2/repository/io/netty/netty-transport-native-unix-common/4.1.63.Final/netty-transport-native-unix-common-4.1.63.Final.jar:/Users/agarwals/.m2/repository/com/typesafe/netty/netty-reactive-streams-http/2.0.4/netty-reactive-streams-http-2.0.4.jar:/Users/agarwals/.m2/repository/com/typesafe/netty/netty-reactive-streams/2.0.4/netty-reactive-streams-2.0.4.jar:"/>
    <property name="java.vm.vendor" value="AdoptOpenJDK"/>
    <property name="sun.arch.data.model" value="64"/>
    <property name="java.vendor.url" value="https://adoptopenjdk.net/"/>
    <property name="user.timezone" value=""/>
    <property name="java.vm.specification.version" value="1.8"/>
    <property name="os.name" value="Mac OS X"/>
    <property name="user.country" value="US"/>
    <property name="sun.java.launcher" value="SUN_STANDARD"/>
    <property name="sun.boot.library.path" value="/Library/Java/JavaVirtualMachines/adoptopenjdk-8.jdk/Contents/Home/jre/lib"/>
    <property name="sun.java.command" value="/Users/agarwals/myproject/target/surefire/surefirebooter2299401109080945279.jar /Users/agarwals/myproject/target/surefire 2022-06-05T20-49-16_697-jvmRun1 surefire3890859200033474091tmp surefire_08079242880446057085tmp"/>
    <property name="http.nonProxyHosts" value="local|*.local|169.254/16|*.169.254/16"/>
    <property name="surefire.test.class.path" value="/Users/agarwals/myproject/target/test-classes:/Users/agarwals/myproject/target/classes:/Users/agarwals/.m2/repository/com/intuit/karate/karate-junit5/1.1.0/karate-junit5-1.1.0.jar:/Users/agarwals/.m2/repository/com/intuit/karate/karate-core/1.1.0/karate-core-1.1.0.jar:/Users/agarwals/.m2/repository/org/graalvm/js/js-scriptengine/21.2.0/js-scriptengine-21.2.0.jar:/Users/agarwals/.m2/repository/org/graalvm/sdk/graal-sdk/21.2.0/graal-sdk-21.2.0.jar:/Users/agarwals/.m2/repository/org/graalvm/js/js/21.2.0/js-21.2.0.jar:/Users/agarwals/.m2/repository/org/graalvm/regex/regex/21.2.0/regex-21.2.0.jar:/Users/agarwals/.m2/repository/org/graalvm/truffle/truffle-api/21.2.0/truffle-api-21.2.0.jar:/Users/agarwals/.m2/repository/com/ibm/icu/icu4j/69.1/icu4j-69.1.jar:/Users/agarwals/.m2/repository/ch/qos/logback/logback-classic/1.2.3/logback-classic-1.2.3.jar:/Users/agarwals/.m2/repository/ch/qos/logback/logback-core/1.2.3/logback-core-1.2.3.jar:/Users/agarwals/.m2/repository/org/slf4j/jcl-over-slf4j/1.7.25/jcl-over-slf4j-1.7.25.jar:/Users/agarwals/.m2/repository/com/jayway/jsonpath/json-path/2.6.0/json-path-2.6.0.jar:/Users/agarwals/.m2/repository/net/minidev/json-smart/2.4.7/json-smart-2.4.7.jar:/Users/agarwals/.m2/repository/net/minidev/accessors-smart/2.4.7/accessors-smart-2.4.7.jar:/Users/agarwals/.m2/repository/org/ow2/asm/asm/9.1/asm-9.1.jar:/Users/agarwals/.m2/repository/info/cukes/cucumber-java/1.2.5/cucumber-java-1.2.5.jar:/Users/agarwals/.m2/repository/info/cukes/cucumber-core/1.2.5/cucumber-core-1.2.5.jar:/Users/agarwals/.m2/repository/org/yaml/snakeyaml/1.29/snakeyaml-1.29.jar:/Users/agarwals/.m2/repository/de/siegmar/fastcsv/2.0.0/fastcsv-2.0.0.jar:/Users/agarwals/.m2/repository/info/picocli/picocli/4.6.1/picocli-4.6.1.jar:/Users/agarwals/.m2/repository/org/junit/jupiter/junit-jupiter-api/5.7.2/junit-jupiter-api-5.7.2.jar:/Users/agarwals/.m2/repository/org/apiguardian/apiguardian-api/1.1.0/apiguardian-api-1.1.0.jar:/Users/agarwals/.m2/repository/org/opentest4j/opentest4j/1.2.0/opentest4j-1.2.0.jar:/Users/agarwals/.m2/repository/org/junit/platform/junit-platform-commons/1.7.2/junit-platform-commons-1.7.2.jar:/Users/agarwals/.m2/repository/org/junit/jupiter/junit-jupiter-engine/5.7.2/junit-jupiter-engine-5.7.2.jar:/Users/agarwals/.m2/repository/org/junit/platform/junit-platform-engine/1.7.2/junit-platform-engine-1.7.2.jar:/Users/agarwals/.m2/repository/org/springframework/spring-jdbc/5.3.19/spring-jdbc-5.3.19.jar:/Users/agarwals/.m2/repository/org/springframework/spring-beans/5.3.19/spring-beans-5.3.19.jar:/Users/agarwals/.m2/repository/org/springframework/spring-core/5.3.19/spring-core-5.3.19.jar:/Users/agarwals/.m2/repository/org/springframework/spring-jcl/5.3.19/spring-jcl-5.3.19.jar:/Users/agarwals/.m2/repository/org/springframework/spring-tx/5.3.19/spring-tx-5.3.19.jar:/Users/agarwals/.m2/repository/org/postgresql/postgresql/42.3.4/postgresql-42.3.4.jar:/Users/agarwals/.m2/repository/org/checkerframework/checker-qual/3.5.0/checker-qual-3.5.0.jar:/Users/agarwals/.m2/repository/software/amazon/awssdk/s3/2.16.60/s3-2.16.60.jar:/Users/agarwals/.m2/repository/software/amazon/awssdk/aws-xml-protocol/2.16.60/aws-xml-protocol-2.16.60.jar:/Users/agarwals/.m2/repository/software/amazon/awssdk/aws-query-protocol/2.16.60/aws-query-protocol-2.16.60.jar:/Users/agarwals/.m2/repository/software/amazon/awssdk/protocol-core/2.16.60/protocol-core-2.16.60.jar:/Users/agarwals/.m2/repository/software/amazon/awssdk/arns/2.16.60/arns-2.16.60.jar:/Users/agarwals/.m2/repository/software/amazon/awssdk/profiles/2.16.60/profiles-2.16.60.jar:/Users/agarwals/.m2/repository/software/amazon/awssdk/sdk-core/2.16.60/sdk-core-2.16.60.jar:/Users/agarwals/.m2/repository/org/slf4j/slf4j-api/1.7.30/slf4j-api-1.7.30.jar:/Users/agarwals/.m2/repository/com/fasterxml/jackson/core/jackson-core/2.12.3/jackson-core-2.12.3.jar:/Users/agarwals/.m2/repository/com/fasterxml/jackson/core/jackson-databind/2.12.1/jackson-databind-2.12.1.jar:/Users/agarwals/.m2/repository/org/reactivestreams/reactive-streams/1.0.3/reactive-streams-1.0.3.jar:/Users/agarwals/.m2/repository/software/amazon/awssdk/auth/2.16.60/auth-2.16.60.jar:/Users/agarwals/.m2/repository/software/amazon/eventstream/eventstream/1.0.1/eventstream-1.0.1.jar:/Users/agarwals/.m2/repository/software/amazon/awssdk/http-client-spi/2.16.60/http-client-spi-2.16.60.jar:/Users/agarwals/.m2/repository/software/amazon/awssdk/regions/2.16.60/regions-2.16.60.jar:/Users/agarwals/.m2/repository/com/fasterxml/jackson/core/jackson-annotations/2.12.3/jackson-annotations-2.12.3.jar:/Users/agarwals/.m2/repository/software/amazon/awssdk/annotations/2.16.60/annotations-2.16.60.jar:/Users/agarwals/.m2/repository/software/amazon/awssdk/utils/2.16.60/utils-2.16.60.jar:/Users/agarwals/.m2/repository/software/amazon/awssdk/aws-core/2.16.60/aws-core-2.16.60.jar:/Users/agarwals/.m2/repository/software/amazon/awssdk/metrics-spi/2.16.60/metrics-spi-2.16.60.jar:/Users/agarwals/.m2/repository/software/amazon/awssdk/apache-client/2.16.60/apache-client-2.16.60.jar:/Users/agarwals/.m2/repository/org/apache/httpcomponents/httpclient/4.5.13/httpclient-4.5.13.jar:/Users/agarwals/.m2/repository/commons-logging/commons-logging/1.2/commons-logging-1.2.jar:/Users/agarwals/.m2/repository/commons-codec/commons-codec/1.11/commons-codec-1.11.jar:/Users/agarwals/.m2/repository/org/apache/httpcomponents/httpcore/4.4.11/httpcore-4.4.11.jar:/Users/agarwals/.m2/repository/software/amazon/awssdk/netty-nio-client/2.16.60/netty-nio-client-2.16.60.jar:/Users/agarwals/.m2/repository/io/netty/netty-codec-http/4.1.63.Final/netty-codec-http-4.1.63.Final.jar:/Users/agarwals/.m2/repository/io/netty/netty-codec-http2/4.1.63.Final/netty-codec-http2-4.1.63.Final.jar:/Users/agarwals/.m2/repository/io/netty/netty-codec/4.1.63.Final/netty-codec-4.1.63.Final.jar:/Users/agarwals/.m2/repository/io/netty/netty-transport/4.1.63.Final/netty-transport-4.1.63.Final.jar:/Users/agarwals/.m2/repository/io/netty/netty-resolver/4.1.63.Final/netty-resolver-4.1.63.Final.jar:/Users/agarwals/.m2/repository/io/netty/netty-common/4.1.63.Final/netty-common-4.1.63.Final.jar:/Users/agarwals/.m2/repository/io/netty/netty-buffer/4.1.63.Final/netty-buffer-4.1.63.Final.jar:/Users/agarwals/.m2/repository/io/netty/netty-handler/4.1.63.Final/netty-handler-4.1.63.Final.jar:/Users/agarwals/.m2/repository/io/netty/netty-transport-native-epoll/4.1.63.Final/netty-transport-native-epoll-4.1.63.Final-linux-x86_64.jar:/Users/agarwals/.m2/repository/io/netty/netty-transport-native-unix-common/4.1.63.Final/netty-transport-native-unix-common-4.1.63.Final.jar:/Users/agarwals/.m2/repository/com/typesafe/netty/netty-reactive-streams-http/2.0.4/netty-reactive-streams-http-2.0.4.jar:/Users/agarwals/.m2/repository/com/typesafe/netty/netty-reactive-streams/2.0.4/netty-reactive-streams-2.0.4.jar:"/>
    <property name="sun.cpu.endian" value="little"/>
    <property name="user.home" value="/Users/agarwals"/>
    <property name="user.language" value="en"/>
    <property name="java.specification.vendor" value="Oracle Corporation"/>
    <property name="java.home" value="/Library/Java/JavaVirtualMachines/adoptopenjdk-8.jdk/Contents/Home/jre"/>
    <property name="basedir" value="/Users/agarwals/myproject"/>
    <property name="file.separator" value="/"/>
    <property name="line.separator" value="&#10;"/>
    <property name="java.vm.specification.vendor" value="Oracle Corporation"/>
    <property name="java.specification.name" value="Java Platform API Specification"/>
    <property name="java.awt.graphicsenv" value="sun.awt.CGraphicsEnvironment"/>
    <property name="surefire.real.class.path" value="/Users/agarwals/myproject/target/surefire/surefirebooter2299401109080945279.jar"/>
    <property name="sun.boot.class.path" value="/Library/Java/JavaVirtualMachines/adoptopenjdk-8.jdk/Contents/Home/jre/lib/resources.jar:/Library/Java/JavaVirtualMachines/adoptopenjdk-8.jdk/Contents/Home/jre/lib/rt.jar:/Library/Java/JavaVirtualMachines/adoptopenjdk-8.jdk/Contents/Home/jre/lib/sunrsasign.jar:/Library/Java/JavaVirtualMachines/adoptopenjdk-8.jdk/Contents/Home/jre/lib/jsse.jar:/Library/Java/JavaVirtualMachines/adoptopenjdk-8.jdk/Contents/Home/jre/lib/jce.jar:/Library/Java/JavaVirtualMachines/adoptopenjdk-8.jdk/Contents/Home/jre/lib/charsets.jar:/Library/Java/JavaVirtualMachines/adoptopenjdk-8.jdk/Contents/Home/jre/lib/jfr.jar:/Library/Java/JavaVirtualMachines/adoptopenjdk-8.jdk/Contents/Home/jre/classes"/>
    <property name="sun.management.compiler" value="HotSpot 64-Bit Tiered Compilers"/>
    <property name="ftp.nonProxyHosts" value="local|*.local|169.254/16|*.169.254/16"/>
    <property name="java.runtime.version" value="1.8.0_292-b10"/>
    <property name="user.name" value="agarwals"/>
    <property name="path.separator" value=":"/>
    <property name="os.version" value="10.16"/>
    <property name="java.endorsed.dirs" value="/Library/Java/JavaVirtualMachines/adoptopenjdk-8.jdk/Contents/Home/jre/lib/endorsed"/>
    <property name="java.runtime.name" value="OpenJDK Runtime Environment"/>
    <property name="file.encoding" value="UTF-8"/>
    <property name="java.vm.name" value="OpenJDK 64-Bit Server VM"/>
    <property name="localRepository" value="/Users/agarwals/.m2/repository"/>
    <property name="java.vendor.url.bug" value="https://github.com/AdoptOpenJDK/openjdk-support/issues"/>
    <property name="java.io.tmpdir" value="/var/folders/9l/rh069dln6kbbwb2qmk7d9jvw0000gp/T/"/>
    <property name="java.version" value="1.8.0_292"/>
    <property name="user.dir" value="/Users/agarwals/myproject"/>
    <property name="os.arch" value="x86_64"/>
    <property name="java.vm.specification.name" value="Java Virtual Machine Specification"/>
    <property name="java.awt.printerjob" value="sun.lwawt.macosx.CPrinterJob"/>
    <property name="sun.os.patch.level" value="unknown"/>
    <property name="java.library.path" value="/Users/agarwals/Library/Java/Extensions:/Library/Java/Extensions:/Network/Library/Java/Extensions:/System/Library/Java/Extensions:/usr/lib/java:."/>
    <property name="java.vm.info" value="mixed mode"/>
    <property name="java.vendor" value="AdoptOpenJDK"/>
    <property name="java.vm.version" value="25.292-b10"/>
    <property name="java.ext.dirs" value="/Users/agarwals/Library/Java/Extensions:/Library/Java/JavaVirtualMachines/adoptopenjdk-8.jdk/Contents/Home/jre/lib/ext:/Library/Java/Extensions:/Network/Library/Java/Extensions:/System/Library/Java/Extensions:/usr/lib/java"/>
    <property name="sun.io.unicode.encoding" value="UnicodeBig"/>
    <property name="java.class.version" value="52.0"/>
    <property name="socksNonProxyHosts" value="local|*.local|169.254/16|*.169.254/16"/>
  </properties>
  <testcase name="testParallel" classname="conduitApp.ConduitTest" time="8.377"/>
</testsuite>